2023-09-06 21:27:55.264 [http-nio-8081-exec-7] INFO  com.my.blog.website.controller.admin.IndexController - Enter admin index method
2023-09-06 21:27:55.265 [http-nio-8081-exec-7] DEBUG com.my.blog.website.service.impl.SiteServiceImpl - Enter recentComments method:limit=5
2023-09-06 21:27:55.311 [http-nio-8081-exec-7] DEBUG com.my.blog.website.service.impl.SiteServiceImpl - Exit recentComments method
2023-09-06 21:27:55.311 [http-nio-8081-exec-7] DEBUG com.my.blog.website.service.impl.SiteServiceImpl - Enter recentContents method
2023-09-06 21:27:55.343 [http-nio-8081-exec-7] DEBUG com.my.blog.website.service.impl.SiteServiceImpl - Exit recentContents method
2023-09-06 21:27:55.343 [http-nio-8081-exec-7] DEBUG com.my.blog.website.service.impl.SiteServiceImpl - Enter getStatistics method
2023-09-06 21:27:55.373 [http-nio-8081-exec-7] DEBUG com.my.blog.website.service.impl.SiteServiceImpl - Exit getStatistics method
2023-09-06 21:27:55.373 [http-nio-8081-exec-7] DEBUG com.my.blog.website.service.impl.LogServiceImpl - Enter getLogs method:page=1,linit=5
2023-09-06 21:27:55.389 [http-nio-8081-exec-7] DEBUG com.my.blog.website.service.impl.LogServiceImpl - Exit getLogs method
2023-09-06 21:27:55.389 [http-nio-8081-exec-7] INFO  com.my.blog.website.controller.admin.IndexController - Exit admin index method
2023-09-06 21:56:37.369 [http-nio-8081-exec-4] INFO  com.my.blog.website.controller.admin.IndexController - Enter admin index method
2023-09-06 21:56:37.370 [http-nio-8081-exec-4] DEBUG com.my.blog.website.service.impl.SiteServiceImpl - Enter recentComments method:limit=5
2023-09-06 21:56:37.411 [http-nio-8081-exec-4] DEBUG com.my.blog.website.service.impl.SiteServiceImpl - Exit recentComments method
2023-09-06 21:56:37.411 [http-nio-8081-exec-4] DEBUG com.my.blog.website.service.impl.SiteServiceImpl - Enter recentContents method
2023-09-06 21:56:37.432 [http-nio-8081-exec-4] DEBUG com.my.blog.website.service.impl.SiteServiceImpl - Exit recentContents method
2023-09-06 21:56:37.432 [http-nio-8081-exec-4] DEBUG com.my.blog.website.service.impl.SiteServiceImpl - Enter getStatistics method
2023-09-06 21:56:37.450 [http-nio-8081-exec-4] DEBUG com.my.blog.website.service.impl.SiteServiceImpl - Exit getStatistics method
2023-09-06 21:56:37.450 [http-nio-8081-exec-4] DEBUG com.my.blog.website.service.impl.LogServiceImpl - Enter getLogs method:page=1,linit=5
2023-09-06 21:56:37.459 [http-nio-8081-exec-4] DEBUG com.my.blog.website.service.impl.LogServiceImpl - Exit getLogs method
2023-09-06 21:56:37.459 [http-nio-8081-exec-4] INFO  com.my.blog.website.controller.admin.IndexController - Exit admin index method
2023-09-06 21:57:03.408 [http-nio-8081-exec-3] INFO  com.my.blog.website.controller.admin.IndexController - Enter admin index method
2023-09-06 21:57:03.408 [http-nio-8081-exec-3] DEBUG com.my.blog.website.service.impl.SiteServiceImpl - Enter recentComments method:limit=5
2023-09-06 21:57:03.411 [http-nio-8081-exec-3] DEBUG com.my.blog.website.service.impl.SiteServiceImpl - Exit recentComments method
2023-09-06 21:57:03.411 [http-nio-8081-exec-3] DEBUG com.my.blog.website.service.impl.SiteServiceImpl - Enter recentContents method
2023-09-06 21:57:03.430 [http-nio-8081-exec-3] DEBUG com.my.blog.website.service.impl.SiteServiceImpl - Exit recentContents method
2023-09-06 21:57:03.430 [http-nio-8081-exec-3] DEBUG com.my.blog.website.service.impl.SiteServiceImpl - Enter getStatistics method
2023-09-06 21:57:03.441 [http-nio-8081-exec-3] DEBUG com.my.blog.website.service.impl.SiteServiceImpl - Exit getStatistics method
2023-09-06 21:57:03.442 [http-nio-8081-exec-3] DEBUG com.my.blog.website.service.impl.LogServiceImpl - Enter getLogs method:page=1,linit=5
2023-09-06 21:57:03.447 [http-nio-8081-exec-3] DEBUG com.my.blog.website.service.impl.LogServiceImpl - Exit getLogs method
2023-09-06 21:57:03.447 [http-nio-8081-exec-3] INFO  com.my.blog.website.controller.admin.IndexController - Exit admin index method
